SF:lib/src/models/coin_price_history.dart
DA:4,2
DA:9,1
DA:10,1
DA:11,1
DA:12,1
DA:16,1
DA:18,3
LF:7
LH:7
end_of_record
SF:lib/src/models/coin.dart
DA:4,2
DA:34,1
DA:35,1
DA:36,1
DA:37,1
DA:38,1
DA:39,1
DA:40,1
DA:41,2
DA:42,2
DA:43,2
DA:44,2
DA:45,2
DA:46,2
DA:47,2
DA:48,1
DA:51,1
DA:52,1
DA:53,1
DA:54,1
DA:55,1
DA:56,1
DA:57,1
DA:58,1
DA:59,1
DA:60,1
DA:61,1
DA:62,1
DA:63,1
DA:64,1
DA:65,1
DA:69,2
DA:70,2
DA:71,2
DA:72,2
DA:73,2
DA:74,2
DA:75,2
DA:76,2
DA:77,2
DA:78,2
DA:79,2
DA:80,2
DA:81,2
DA:82,2
DA:83,2
LF:46
LH:46
end_of_record
SF:lib/src/repositories/local_repository.dart
DA:8,0
DA:12,0
DA:13,0
DA:14,0
DA:15,0
DA:16,0
DA:17,0
DA:18,0
DA:23,0
DA:24,0
DA:26,0
DA:27,0
DA:29,0
DA:32,0
DA:33,0
DA:37,0
DA:39,0
LF:17
LH:0
end_of_record
SF:lib/src/repositories/remote_repository.dart
DA:9,0
DA:18,0
DA:21,0
DA:22,0
DA:23,0
DA:24,0
DA:25,0
DA:28,0
DA:29,0
DA:30,0
DA:31,0
DA:32,0
DA:35,0
DA:36,0
DA:41,0
DA:43,0
DA:50,0
DA:52,0
DA:53,0
DA:55,0
DA:56,0
DA:57,0
DA:59,0
DA:61,0
DA:63,0
DA:64,0
DA:65,0
DA:67,0
DA:68,0
LF:29
LH:0
end_of_record
SF:lib/src/views/home/cubit/coins_list_cubit.dart
DA:11,1
DA:15,2
DA:20,1
DA:22,3
DA:23,1
DA:24,1
DA:25,1
DA:27,1
DA:28,1
DA:32,1
DA:34,2
DA:35,3
DA:36,2
DA:38,0
DA:42,1
DA:44,2
DA:45,3
DA:46,2
DA:48,1
DA:49,2
LF:20
LH:19
end_of_record
SF:lib/src/views/home/cubit/coins_list_state.dart
DA:6,0
DA:7,0
DA:11,1
DA:12,1
DA:16,1
DA:18,1
DA:19,2
DA:23,1
DA:24,1
LF:9
LH:7
end_of_record
SF:lib/constants.dart
DA:2,0
LF:1
LH:0
end_of_record
SF:lib/src/views/detail/cubit/price_list_state.dart
DA:6,0
DA:7,0
DA:11,1
DA:12,1
DA:16,1
DA:18,1
DA:19,2
DA:23,1
DA:24,1
LF:9
LH:7
end_of_record
SF:lib/src/views/detail/cubit/price_list_cubit.dart
DA:10,1
DA:14,2
DA:20,1
DA:22,3
DA:23,1
DA:24,1
DA:25,1
DA:27,1
DA:28,1
DA:32,1
DA:34,2
DA:35,3
DA:36,3
DA:38,0
DA:42,1
DA:44,2
DA:45,3
DA:46,2
DA:48,2
LF:19
LH:18
end_of_record
